[1.971s] Invoking command in '/home/jpru/ros2_robot/src/robot': DEBUGINFOD_URLS=https://debuginfod.ubuntu.com PYTHONPATH=/home/jpru/ros2_robot/build/robot/prefix_override:/usr/lib/python3/dist-packages/colcon_core/task/python/colcon_distutils_commands:/home/jpru/ros2_robot/install/robot/lib/python3.12/site-packages:${PYTHONPATH} /usr/bin/python3 -W ignore:setup.py install is deprecated -W ignore:easy_install command is deprecated setup.py egg_info --egg-base ../../build/robot build --build-base /home/jpru/ros2_robot/build/robot/build install --record /home/jpru/ros2_robot/build/robot/install.log --single-version-externally-managed install_data
[2.423s] running egg_info
[2.423s] creating ../../build/robot/robot.egg-info
[2.457s] writing ../../build/robot/robot.egg-info/PKG-INFO
[2.458s] writing dependency_links to ../../build/robot/robot.egg-info/dependency_links.txt
[2.458s] writing entry points to ../../build/robot/robot.egg-info/entry_points.txt
[2.458s] writing requirements to ../../build/robot/robot.egg-info/requires.txt
[2.458s] writing top-level names to ../../build/robot/robot.egg-info/top_level.txt
[2.459s] writing manifest file '../../build/robot/robot.egg-info/SOURCES.txt'
[2.534s] reading manifest file '../../build/robot/robot.egg-info/SOURCES.txt'
[2.535s] writing manifest file '../../build/robot/robot.egg-info/SOURCES.txt'
[2.535s] running build
[2.535s] running build_py
[2.535s] creating /home/jpru/ros2_robot/build/robot/build
[2.535s] creating /home/jpru/ros2_robot/build/robot/build/lib
[2.536s] creating /home/jpru/ros2_robot/build/robot/build/lib/robot
[2.536s] copying robot/__init__.py -> /home/jpru/ros2_robot/build/robot/build/lib/robot
[2.536s] creating /home/jpru/ros2_robot/build/robot/build/lib/robot/planificacion
[2.536s] copying robot/planificacion/nodo_navegacion.py -> /home/jpru/ros2_robot/build/robot/build/lib/robot/planificacion
[2.536s] copying robot/planificacion/__init__.py -> /home/jpru/ros2_robot/build/robot/build/lib/robot/planificacion
[2.536s] creating /home/jpru/ros2_robot/build/robot/build/lib/robot/comunicacion
[2.537s] copying robot/comunicacion/__init__.py -> /home/jpru/ros2_robot/build/robot/build/lib/robot/comunicacion
[2.537s] copying robot/comunicacion/nodo_mqtt_rx.py -> /home/jpru/ros2_robot/build/robot/build/lib/robot/comunicacion
[2.537s] copying robot/comunicacion/nodo_mqtt_tx.py -> /home/jpru/ros2_robot/build/robot/build/lib/robot/comunicacion
[2.537s] creating /home/jpru/ros2_robot/build/robot/build/lib/robot/diagnostico
[2.537s] copying robot/diagnostico/nodo_monitor.py -> /home/jpru/ros2_robot/build/robot/build/lib/robot/diagnostico
[2.537s] copying robot/diagnostico/__init__.py -> /home/jpru/ros2_robot/build/robot/build/lib/robot/diagnostico
[2.538s] creating /home/jpru/ros2_robot/build/robot/build/lib/robot/sensores
[2.538s] copying robot/sensores/nodo_imu.py -> /home/jpru/ros2_robot/build/robot/build/lib/robot/sensores
[2.538s] copying robot/sensores/nodo_lidar.py -> /home/jpru/ros2_robot/build/robot/build/lib/robot/sensores
[2.538s] copying robot/sensores/nodo_ultrasonico.py -> /home/jpru/ros2_robot/build/robot/build/lib/robot/sensores
[2.538s] copying robot/sensores/__init__.py -> /home/jpru/ros2_robot/build/robot/build/lib/robot/sensores
[2.538s] creating /home/jpru/ros2_robot/build/robot/build/lib/robot/actuadores
[2.539s] copying robot/actuadores/nodo_motor.py -> /home/jpru/ros2_robot/build/robot/build/lib/robot/actuadores
[2.539s] copying robot/actuadores/nodo_led.py -> /home/jpru/ros2_robot/build/robot/build/lib/robot/actuadores
[2.539s] copying robot/actuadores/nodo_servo.py -> /home/jpru/ros2_robot/build/robot/build/lib/robot/actuadores
[2.539s] copying robot/actuadores/__init__.py -> /home/jpru/ros2_robot/build/robot/build/lib/robot/actuadores
[2.539s] creating /home/jpru/ros2_robot/build/robot/build/lib/robot/interfaz
[2.539s] copying robot/interfaz/__init__.py -> /home/jpru/ros2_robot/build/robot/build/lib/robot/interfaz
[2.539s] copying robot/interfaz/nodo_teleop_teclado.py -> /home/jpru/ros2_robot/build/robot/build/lib/robot/interfaz
[2.540s] running install
[2.549s] running install_lib
[2.584s] creating /home/jpru/ros2_robot/install/robot/lib/python3.12/site-packages/robot
[2.584s] creating /home/jpru/ros2_robot/install/robot/lib/python3.12/site-packages/robot/planificacion
[2.584s] copying /home/jpru/ros2_robot/build/robot/build/lib/robot/planificacion/nodo_navegacion.py -> /home/jpru/ros2_robot/install/robot/lib/python3.12/site-packages/robot/planificacion
[2.584s] copying /home/jpru/ros2_robot/build/robot/build/lib/robot/planificacion/__init__.py -> /home/jpru/ros2_robot/install/robot/lib/python3.12/site-packages/robot/planificacion
[2.585s] creating /home/jpru/ros2_robot/install/robot/lib/python3.12/site-packages/robot/comunicacion
[2.585s] copying /home/jpru/ros2_robot/build/robot/build/lib/robot/comunicacion/__init__.py -> /home/jpru/ros2_robot/install/robot/lib/python3.12/site-packages/robot/comunicacion
[2.585s] copying /home/jpru/ros2_robot/build/robot/build/lib/robot/comunicacion/nodo_mqtt_rx.py -> /home/jpru/ros2_robot/install/robot/lib/python3.12/site-packages/robot/comunicacion
[2.585s] copying /home/jpru/ros2_robot/build/robot/build/lib/robot/comunicacion/nodo_mqtt_tx.py -> /home/jpru/ros2_robot/install/robot/lib/python3.12/site-packages/robot/comunicacion
[2.585s] creating /home/jpru/ros2_robot/install/robot/lib/python3.12/site-packages/robot/diagnostico
[2.585s] copying /home/jpru/ros2_robot/build/robot/build/lib/robot/diagnostico/nodo_monitor.py -> /home/jpru/ros2_robot/install/robot/lib/python3.12/site-packages/robot/diagnostico
[2.585s] copying /home/jpru/ros2_robot/build/robot/build/lib/robot/diagnostico/__init__.py -> /home/jpru/ros2_robot/install/robot/lib/python3.12/site-packages/robot/diagnostico
[2.586s] copying /home/jpru/ros2_robot/build/robot/build/lib/robot/__init__.py -> /home/jpru/ros2_robot/install/robot/lib/python3.12/site-packages/robot
[2.586s] creating /home/jpru/ros2_robot/install/robot/lib/python3.12/site-packages/robot/sensores
[2.586s] copying /home/jpru/ros2_robot/build/robot/build/lib/robot/sensores/nodo_imu.py -> /home/jpru/ros2_robot/install/robot/lib/python3.12/site-packages/robot/sensores
[2.586s] copying /home/jpru/ros2_robot/build/robot/build/lib/robot/sensores/nodo_lidar.py -> /home/jpru/ros2_robot/install/robot/lib/python3.12/site-packages/robot/sensores
[2.586s] copying /home/jpru/ros2_robot/build/robot/build/lib/robot/sensores/nodo_ultrasonico.py -> /home/jpru/ros2_robot/install/robot/lib/python3.12/site-packages/robot/sensores
[2.589s] copying /home/jpru/ros2_robot/build/robot/build/lib/robot/sensores/__init__.py -> /home/jpru/ros2_robot/install/robot/lib/python3.12/site-packages/robot/sensores
[2.589s] creating /home/jpru/ros2_robot/install/robot/lib/python3.12/site-packages/robot/actuadores
[2.589s] copying /home/jpru/ros2_robot/build/robot/build/lib/robot/actuadores/nodo_motor.py -> /home/jpru/ros2_robot/install/robot/lib/python3.12/site-packages/robot/actuadores
[2.589s] copying /home/jpru/ros2_robot/build/robot/build/lib/robot/actuadores/nodo_led.py -> /home/jpru/ros2_robot/install/robot/lib/python3.12/site-packages/robot/actuadores
[2.589s] copying /home/jpru/ros2_robot/build/robot/build/lib/robot/actuadores/nodo_servo.py -> /home/jpru/ros2_robot/install/robot/lib/python3.12/site-packages/robot/actuadores
[2.589s] copying /home/jpru/ros2_robot/build/robot/build/lib/robot/actuadores/__init__.py -> /home/jpru/ros2_robot/install/robot/lib/python3.12/site-packages/robot/actuadores
[2.589s] creating /home/jpru/ros2_robot/install/robot/lib/python3.12/site-packages/robot/interfaz
[2.589s] copying /home/jpru/ros2_robot/build/robot/build/lib/robot/interfaz/__init__.py -> /home/jpru/ros2_robot/install/robot/lib/python3.12/site-packages/robot/interfaz
[2.589s] copying /home/jpru/ros2_robot/build/robot/build/lib/robot/interfaz/nodo_teleop_teclado.py -> /home/jpru/ros2_robot/install/robot/lib/python3.12/site-packages/robot/interfaz
[2.590s] byte-compiling /home/jpru/ros2_robot/install/robot/lib/python3.12/site-packages/robot/planificacion/nodo_navegacion.py to nodo_navegacion.cpython-312.pyc
[2.590s] byte-compiling /home/jpru/ros2_robot/install/robot/lib/python3.12/site-packages/robot/planificacion/__init__.py to __init__.cpython-312.pyc
[2.590s] byte-compiling /home/jpru/ros2_robot/install/robot/lib/python3.12/site-packages/robot/comunicacion/__init__.py to __init__.cpython-312.pyc
[2.590s] byte-compiling /home/jpru/ros2_robot/install/robot/lib/python3.12/site-packages/robot/comunicacion/nodo_mqtt_rx.py to nodo_mqtt_rx.cpython-312.pyc
[2.590s] byte-compiling /home/jpru/ros2_robot/install/robot/lib/python3.12/site-packages/robot/comunicacion/nodo_mqtt_tx.py to nodo_mqtt_tx.cpython-312.pyc
[2.590s] byte-compiling /home/jpru/ros2_robot/install/robot/lib/python3.12/site-packages/robot/diagnostico/nodo_monitor.py to nodo_monitor.cpython-312.pyc
[2.591s] byte-compiling /home/jpru/ros2_robot/install/robot/lib/python3.12/site-packages/robot/diagnostico/__init__.py to __init__.cpython-312.pyc
[2.591s] byte-compiling /home/jpru/ros2_robot/install/robot/lib/python3.12/site-packages/robot/__init__.py to __init__.cpython-312.pyc
[2.591s] byte-compiling /home/jpru/ros2_robot/install/robot/lib/python3.12/site-packages/robot/sensores/nodo_imu.py to nodo_imu.cpython-312.pyc
[2.591s] byte-compiling /home/jpru/ros2_robot/install/robot/lib/python3.12/site-packages/robot/sensores/nodo_lidar.py to nodo_lidar.cpython-312.pyc
[2.592s] byte-compiling /home/jpru/ros2_robot/install/robot/lib/python3.12/site-packages/robot/sensores/nodo_ultrasonico.py to nodo_ultrasonico.cpython-312.pyc
[2.592s] byte-compiling /home/jpru/ros2_robot/install/robot/lib/python3.12/site-packages/robot/sensores/__init__.py to __init__.cpython-312.pyc
[2.592s] byte-compiling /home/jpru/ros2_robot/install/robot/lib/python3.12/site-packages/robot/actuadores/nodo_motor.py to nodo_motor.cpython-312.pyc
[2.592s] byte-compiling /home/jpru/ros2_robot/install/robot/lib/python3.12/site-packages/robot/actuadores/nodo_led.py to nodo_led.cpython-312.pyc
[2.592s] byte-compiling /home/jpru/ros2_robot/install/robot/lib/python3.12/site-packages/robot/actuadores/nodo_servo.py to nodo_servo.cpython-312.pyc
[2.593s] byte-compiling /home/jpru/ros2_robot/install/robot/lib/python3.12/site-packages/robot/actuadores/__init__.py to __init__.cpython-312.pyc
[2.593s] byte-compiling /home/jpru/ros2_robot/install/robot/lib/python3.12/site-packages/robot/interfaz/__init__.py to __init__.cpython-312.pyc
[2.593s] byte-compiling /home/jpru/ros2_robot/install/robot/lib/python3.12/site-packages/robot/interfaz/nodo_teleop_teclado.py to nodo_teleop_teclado.cpython-312.pyc
[2.593s] running install_data
[2.593s] creating /home/jpru/ros2_robot/install/robot/share/ament_index
[2.594s] creating /home/jpru/ros2_robot/install/robot/share/ament_index/resource_index
[2.594s] creating /home/jpru/ros2_robot/install/robot/share/ament_index/resource_index/packages
[2.594s] copying resource/robot -> /home/jpru/ros2_robot/install/robot/share/ament_index/resource_index/packages
[2.594s] copying package.xml -> /home/jpru/ros2_robot/install/robot/share/robot
[2.594s] running install_egg_info
[2.634s] Copying ../../build/robot/robot.egg-info to /home/jpru/ros2_robot/install/robot/lib/python3.12/site-packages/robot-0.0.0-py3.12.egg-info
[2.635s] running install_scripts
[2.879s] Installing nodo_imu script to /home/jpru/ros2_robot/install/robot/lib/robot
[2.879s] Installing nodo_led script to /home/jpru/ros2_robot/install/robot/lib/robot
[2.879s] Installing nodo_lidar script to /home/jpru/ros2_robot/install/robot/lib/robot
[2.880s] Installing nodo_monitor script to /home/jpru/ros2_robot/install/robot/lib/robot
[2.880s] Installing nodo_motor script to /home/jpru/ros2_robot/install/robot/lib/robot
[2.880s] Installing nodo_mqtt_rx script to /home/jpru/ros2_robot/install/robot/lib/robot
[2.880s] Installing nodo_mqtt_tx script to /home/jpru/ros2_robot/install/robot/lib/robot
[2.880s] Installing nodo_navegacion script to /home/jpru/ros2_robot/install/robot/lib/robot
[2.880s] Installing nodo_servo script to /home/jpru/ros2_robot/install/robot/lib/robot
[2.880s] Installing nodo_teleop_teclado script to /home/jpru/ros2_robot/install/robot/lib/robot
[2.880s] Installing nodo_ultrasonico script to /home/jpru/ros2_robot/install/robot/lib/robot
[2.881s] writing list of installed files to '/home/jpru/ros2_robot/build/robot/install.log'
[2.969s] Invoked command in '/home/jpru/ros2_robot/src/robot' returned '0': DEBUGINFOD_URLS=https://debuginfod.ubuntu.com PYTHONPATH=/home/jpru/ros2_robot/build/robot/prefix_override:/usr/lib/python3/dist-packages/colcon_core/task/python/colcon_distutils_commands:/home/jpru/ros2_robot/install/robot/lib/python3.12/site-packages:${PYTHONPATH} /usr/bin/python3 -W ignore:setup.py install is deprecated -W ignore:easy_install command is deprecated setup.py egg_info --egg-base ../../build/robot build --build-base /home/jpru/ros2_robot/build/robot/build install --record /home/jpru/ros2_robot/build/robot/install.log --single-version-externally-managed install_data
