/home/jpru/ros2_robot/install/robot/lib/python3.12/site-packages/robot/__init__.py
/home/jpru/ros2_robot/install/robot/lib/python3.12/site-packages/robot/planificacion/nodo_navegacion.py
/home/jpru/ros2_robot/install/robot/lib/python3.12/site-packages/robot/planificacion/__init__.py
/home/jpru/ros2_robot/install/robot/lib/python3.12/site-packages/robot/comunicacion/__init__.py
/home/jpru/ros2_robot/install/robot/lib/python3.12/site-packages/robot/comunicacion/nodo_mqtt_rx.py
/home/jpru/ros2_robot/install/robot/lib/python3.12/site-packages/robot/comunicacion/nodo_mqtt_tx.py
/home/jpru/ros2_robot/install/robot/lib/python3.12/site-packages/robot/diagnostico/nodo_monitor.py
/home/jpru/ros2_robot/install/robot/lib/python3.12/site-packages/robot/diagnostico/__init__.py
/home/jpru/ros2_robot/install/robot/lib/python3.12/site-packages/robot/sensores/nodo_imu.py
/home/jpru/ros2_robot/install/robot/lib/python3.12/site-packages/robot/sensores/nodo_lidar.py
/home/jpru/ros2_robot/install/robot/lib/python3.12/site-packages/robot/sensores/nodo_ultrasonico.py
/home/jpru/ros2_robot/install/robot/lib/python3.12/site-packages/robot/sensores/__init__.py
/home/jpru/ros2_robot/install/robot/lib/python3.12/site-packages/robot/actuadores/nodo_motor.py
/home/jpru/ros2_robot/install/robot/lib/python3.12/site-packages/robot/actuadores/nodo_led.py
/home/jpru/ros2_robot/install/robot/lib/python3.12/site-packages/robot/actuadores/nodo_servo.py
/home/jpru/ros2_robot/install/robot/lib/python3.12/site-packages/robot/actuadores/__init__.py
/home/jpru/ros2_robot/install/robot/lib/python3.12/site-packages/robot/interfaz/__init__.py
/home/jpru/ros2_robot/install/robot/lib/python3.12/site-packages/robot/interfaz/nodo_teleop_teclado.py
/home/jpru/ros2_robot/install/robot/lib/python3.12/site-packages/robot/__pycache__/__init__.cpython-312.pyc
/home/jpru/ros2_robot/install/robot/lib/python3.12/site-packages/robot/planificacion/__pycache__/nodo_navegacion.cpython-312.pyc
/home/jpru/ros2_robot/install/robot/lib/python3.12/site-packages/robot/planificacion/__pycache__/__init__.cpython-312.pyc
/home/jpru/ros2_robot/install/robot/lib/python3.12/site-packages/robot/comunicacion/__pycache__/__init__.cpython-312.pyc
/home/jpru/ros2_robot/install/robot/lib/python3.12/site-packages/robot/comunicacion/__pycache__/nodo_mqtt_rx.cpython-312.pyc
/home/jpru/ros2_robot/install/robot/lib/python3.12/site-packages/robot/comunicacion/__pycache__/nodo_mqtt_tx.cpython-312.pyc
/home/jpru/ros2_robot/install/robot/lib/python3.12/site-packages/robot/diagnostico/__pycache__/nodo_monitor.cpython-312.pyc
/home/jpru/ros2_robot/install/robot/lib/python3.12/site-packages/robot/diagnostico/__pycache__/__init__.cpython-312.pyc
/home/jpru/ros2_robot/install/robot/lib/python3.12/site-packages/robot/sensores/__pycache__/nodo_imu.cpython-312.pyc
/home/jpru/ros2_robot/install/robot/lib/python3.12/site-packages/robot/sensores/__pycache__/nodo_lidar.cpython-312.pyc
/home/jpru/ros2_robot/install/robot/lib/python3.12/site-packages/robot/sensores/__pycache__/nodo_ultrasonico.cpython-312.pyc
/home/jpru/ros2_robot/install/robot/lib/python3.12/site-packages/robot/sensores/__pycache__/__init__.cpython-312.pyc
/home/jpru/ros2_robot/install/robot/lib/python3.12/site-packages/robot/actuadores/__pycache__/nodo_motor.cpython-312.pyc
/home/jpru/ros2_robot/install/robot/lib/python3.12/site-packages/robot/actuadores/__pycache__/nodo_led.cpython-312.pyc
/home/jpru/ros2_robot/install/robot/lib/python3.12/site-packages/robot/actuadores/__pycache__/nodo_servo.cpython-312.pyc
/home/jpru/ros2_robot/install/robot/lib/python3.12/site-packages/robot/actuadores/__pycache__/__init__.cpython-312.pyc
/home/jpru/ros2_robot/install/robot/lib/python3.12/site-packages/robot/interfaz/__pycache__/__init__.cpython-312.pyc
/home/jpru/ros2_robot/install/robot/lib/python3.12/site-packages/robot/interfaz/__pycache__/nodo_teleop_teclado.cpython-312.pyc
/home/jpru/ros2_robot/install/robot/share/ament_index/resource_index/packages/robot
/home/jpru/ros2_robot/install/robot/share/robot/package.xml
/home/jpru/ros2_robot/install/robot/share/robot/launch/actuadores_launch.py
/home/jpru/ros2_robot/install/robot/lib/python3.12/site-packages/robot-0.0.0-py3.12.egg-info/dependency_links.txt
/home/jpru/ros2_robot/install/robot/lib/python3.12/site-packages/robot-0.0.0-py3.12.egg-info/PKG-INFO
/home/jpru/ros2_robot/install/robot/lib/python3.12/site-packages/robot-0.0.0-py3.12.egg-info/entry_points.txt
/home/jpru/ros2_robot/install/robot/lib/python3.12/site-packages/robot-0.0.0-py3.12.egg-info/requires.txt
/home/jpru/ros2_robot/install/robot/lib/python3.12/site-packages/robot-0.0.0-py3.12.egg-info/top_level.txt
/home/jpru/ros2_robot/install/robot/lib/python3.12/site-packages/robot-0.0.0-py3.12.egg-info/zip-safe
/home/jpru/ros2_robot/install/robot/lib/python3.12/site-packages/robot-0.0.0-py3.12.egg-info/SOURCES.txt
/home/jpru/ros2_robot/install/robot/lib/robot/nodo_imu
/home/jpru/ros2_robot/install/robot/lib/robot/nodo_led
/home/jpru/ros2_robot/install/robot/lib/robot/nodo_lidar
/home/jpru/ros2_robot/install/robot/lib/robot/nodo_monitor
/home/jpru/ros2_robot/install/robot/lib/robot/nodo_motor
/home/jpru/ros2_robot/install/robot/lib/robot/nodo_mqtt_rx
/home/jpru/ros2_robot/install/robot/lib/robot/nodo_mqtt_tx
/home/jpru/ros2_robot/install/robot/lib/robot/nodo_navegacion
/home/jpru/ros2_robot/install/robot/lib/robot/nodo_servo
/home/jpru/ros2_robot/install/robot/lib/robot/nodo_teleop_teclado
/home/jpru/ros2_robot/install/robot/lib/robot/nodo_ultrasonico
